2016-01-14 10:41:46,899 - log.logger - INFO     : Hello from logger Nr. 1 with same instance as logger Nr. 2: <log.logger.Logger object at 0x103986b70>
2016-01-14 10:41:46,900 - log.logger - INFO     : Hello from logger Nr. 2 with same instance as logger Nr. 1: <log.logger.Logger object at 0x103986b70>
2016-01-14 10:41:46,901 - log.logger - INFO     : Hello from Logger() <log.logger.Logger object at 0x103986b70>
2016-01-14 10:41:46,901 - log.logger - DEBUG    : Debug from Logger() <log.logger.Logger object at 0x103986b70>
2016-01-14 10:41:46,902 - log.logger - ERROR    : Error from Logger() <log.logger.Logger object at 0x103986b70>
2016-01-14 10:41:46,904 - log.logger - WARNING  : Warning from Logger() <log.logger.Logger object at 0x103986b70>
2016-01-14 10:41:46,905 - log.logger - CRITICAL : Critical from Logger() <log.logger.Logger object at 0x103986b70>
2016-01-14 10:41:46,906 - log.logger - DEBUG    : 		Debug from level 2
2016-01-14 10:42:37,351 - log.logger - INFO     : Hello from logger Nr. 1 with same instance as logger Nr. 2: <log.logger.Logger object at 0x103966ac8>
2016-01-14 10:42:37,352 - log.logger - INFO     : Hello from logger Nr. 2 with same instance as logger Nr. 1: <log.logger.Logger object at 0x103966ac8>
2016-01-14 10:42:37,353 - log.logger - INFO     : Hello from Logger() <log.logger.Logger object at 0x103966ac8>
2016-01-14 10:42:37,354 - log.logger - DEBUG    : Debug from Logger() <log.logger.Logger object at 0x103966ac8>
2016-01-14 10:42:37,355 - log.logger - ERROR    : Error from Logger() <log.logger.Logger object at 0x103966ac8>
2016-01-14 10:42:37,356 - log.logger - WARNING  : Warning from Logger() <log.logger.Logger object at 0x103966ac8>
2016-01-14 10:42:37,357 - log.logger - CRITICAL : Critical from Logger() <log.logger.Logger object at 0x103966ac8>
2016-01-14 10:42:37,358 - log.logger - DEBUG    : 		Debug from level 2
2016-01-14 10:43:08,216 - log.logger - INFO     : Hello from logger Nr. 1 with same instance as logger Nr. 2: <log.logger.Logger object at 0x103cf8be0>
2016-01-14 10:43:08,219 - log.logger - INFO     : Hello from logger Nr. 2 with same instance as logger Nr. 1: <log.logger.Logger object at 0x103cf8be0>
2016-01-14 10:43:08,219 - log.logger - INFO     : Hello from Logger() <log.logger.Logger object at 0x103cf8be0>
2016-01-14 10:43:08,220 - log.logger - DEBUG    : Debug from Logger() <log.logger.Logger object at 0x103cf8be0>
2016-01-14 10:43:08,221 - log.logger - ERROR    : Error from Logger() <log.logger.Logger object at 0x103cf8be0>
2016-01-14 10:43:08,222 - log.logger - WARNING  : Warning from Logger() <log.logger.Logger object at 0x103cf8be0>
2016-01-14 10:43:08,223 - log.logger - CRITICAL : Critical from Logger() <log.logger.Logger object at 0x103cf8be0>
2016-01-14 10:43:08,224 - log.logger - DEBUG    : 		Debug from level 2
2016-01-14 10:54:21,370 - log.logger - INFO     : Hello from logger Nr. 1 with same instance as logger Nr. 2: <log.logger.Logger object at 0x1039e3f60>
2016-01-14 10:54:21,372 - log.logger - INFO     : Hello from logger Nr. 2 with same instance as logger Nr. 1: <log.logger.Logger object at 0x1039e3f60>
2016-01-14 10:54:21,372 - log.logger - INFO     : Hello from Logger() <log.logger.Logger object at 0x1039e3f60>
2016-01-14 10:54:21,373 - log.logger - DEBUG    : Debug from Logger() <log.logger.Logger object at 0x1039e3f60>
2016-01-14 10:54:21,374 - log.logger - ERROR    : Error from Logger() <log.logger.Logger object at 0x1039e3f60>
2016-01-14 10:54:21,375 - log.logger - WARNING  : Warning from Logger() <log.logger.Logger object at 0x1039e3f60>
2016-01-14 10:54:21,376 - log.logger - CRITICAL : Critical from Logger() <log.logger.Logger object at 0x1039e3f60>
2016-01-14 10:54:21,377 - log.logger - DEBUG    : 		Debug from level 2
2016-01-14 10:58:12,687 - log.logger - INFO     : Hello from logger Nr. 1 with same instance as logger Nr. 2: <log.logger.Logger object at 0x103957470>
2016-01-14 10:58:12,688 - log.logger - INFO     : Hello from logger Nr. 2 with same instance as logger Nr. 1: <log.logger.Logger object at 0x103957470>
2016-01-14 10:58:12,689 - log.logger - INFO     : Hello from Logger() <log.logger.Logger object at 0x103957470>
2016-01-14 10:58:12,690 - log.logger - DEBUG    : Debug from Logger() <log.logger.Logger object at 0x103957470>
2016-01-14 10:58:12,691 - log.logger - ERROR    : Error from Logger() <log.logger.Logger object at 0x103957470>
2016-01-14 10:58:12,692 - log.logger - WARNING  : Warning from Logger() <log.logger.Logger object at 0x103957470>
2016-01-14 10:58:12,693 - log.logger - CRITICAL : Critical from Logger() <log.logger.Logger object at 0x103957470>
2016-01-14 10:58:12,693 - log.logger - DEBUG    : 		Debug from level 2
2016-01-14 10:59:42,078 - log.logger - INFO     : Hello from logger Nr. 1 with same instance as logger Nr. 2: <log.logger.Logger object at 0x1038c22e8>
2016-01-14 10:59:42,079 - log.logger - INFO     : Hello from logger Nr. 2 with same instance as logger Nr. 1: <log.logger.Logger object at 0x1038c22e8>
2016-01-14 10:59:42,080 - log.logger - INFO     : Hello from Logger() <log.logger.Logger object at 0x1038c22e8>
2016-01-14 10:59:42,080 - log.logger - DEBUG    : Debug from Logger() <log.logger.Logger object at 0x1038c22e8>
2016-01-14 10:59:42,081 - log.logger - ERROR    : Error from Logger() <log.logger.Logger object at 0x1038c22e8>
2016-01-14 10:59:42,082 - log.logger - WARNING  : Warning from Logger() <log.logger.Logger object at 0x1038c22e8>
2016-01-14 10:59:42,083 - log.logger - CRITICAL : Critical from Logger() <log.logger.Logger object at 0x1038c22e8>
2016-01-14 10:59:42,084 - log.logger - DEBUG    : 		Debug from level 2
2016-01-14 11:01:06,056 - log.logger - INFO     : Hello from logger Nr. 1 with same instance as logger Nr. 2: <log.logger.Logger object at 0x103975eb8>
2016-01-14 11:01:06,057 - log.logger - INFO     : Hello from logger Nr. 2 with same instance as logger Nr. 1: <log.logger.Logger object at 0x103975eb8>
2016-01-14 11:01:06,058 - log.logger - INFO     : Hello from Logger() <log.logger.Logger object at 0x103975eb8>
2016-01-14 11:01:06,059 - log.logger - DEBUG    : Debug from Logger() <log.logger.Logger object at 0x103975eb8>
2016-01-14 11:01:06,061 - log.logger - ERROR    : Error from Logger() <log.logger.Logger object at 0x103975eb8>
2016-01-14 11:01:06,062 - log.logger - WARNING  : Warning from Logger() <log.logger.Logger object at 0x103975eb8>
2016-01-14 11:01:06,063 - log.logger - CRITICAL : Critical from Logger() <log.logger.Logger object at 0x103975eb8>
2016-01-14 11:01:06,063 - log.logger - DEBUG    : 		Debug from level 2
2016-01-14 11:04:22,907 - log.logger - INFO     : Hello from logger Nr. 1 with same instance as logger Nr. 2: <log.logger.Logger object at 0x103975e10>
2016-01-14 11:04:22,909 - log.logger - INFO     : Hello from logger Nr. 2 with same instance as logger Nr. 1: <log.logger.Logger object at 0x103975e10>
2016-01-14 11:04:22,909 - log.logger - INFO     : Hello from Logger() <log.logger.Logger object at 0x103975e10>
2016-01-14 11:04:22,910 - log.logger - DEBUG    : Debug from Logger() <log.logger.Logger object at 0x103975e10>
2016-01-14 11:04:22,911 - log.logger - ERROR    : Error from Logger() <log.logger.Logger object at 0x103975e10>
2016-01-14 11:04:22,912 - log.logger - WARNING  : Warning from Logger() <log.logger.Logger object at 0x103975e10>
2016-01-14 11:04:22,913 - log.logger - CRITICAL : Critical from Logger() <log.logger.Logger object at 0x103975e10>
2016-01-14 11:04:22,913 - log.logger - DEBUG    : 		Debug from level 2
2016-01-14 11:05:44,931 - log.logger - INFO     : Hello from logger Nr. 1 with same instance as logger Nr. 2: <log.logger.Logger object at 0x103966ba8>
2016-01-14 11:05:44,933 - log.logger - INFO     : Hello from logger Nr. 2 with same instance as logger Nr. 1: <log.logger.Logger object at 0x103966ba8>
2016-01-14 11:05:44,935 - log.logger - INFO     : Hello from Logger() <log.logger.Logger object at 0x103966ba8>
2016-01-14 11:05:44,936 - log.logger - DEBUG    : Debug from Logger() <log.logger.Logger object at 0x103966ba8>
2016-01-14 11:05:44,938 - log.logger - ERROR    : Error from Logger() <log.logger.Logger object at 0x103966ba8>
2016-01-14 11:05:44,940 - log.logger - WARNING  : Warning from Logger() <log.logger.Logger object at 0x103966ba8>
2016-01-14 11:05:44,941 - log.logger - CRITICAL : Critical from Logger() <log.logger.Logger object at 0x103966ba8>
2016-01-14 11:05:44,942 - log.logger - DEBUG    : 		Debug from level 2
2016-01-14 11:07:13,473 - log.logger - INFO     : Hello from logger Nr. 1 with same instance as logger Nr. 2: <log.logger.Logger object at 0x103988940>
2016-01-14 11:07:13,475 - log.logger - INFO     : Hello from logger Nr. 2 with same instance as logger Nr. 1: <log.logger.Logger object at 0x103988940>
2016-01-14 11:07:13,476 - log.logger - INFO     : Hello from Logger() <log.logger.Logger object at 0x103988940>
2016-01-14 11:07:13,476 - log.logger - DEBUG    : Debug from Logger() <log.logger.Logger object at 0x103988940>
2016-01-14 11:07:13,477 - log.logger - ERROR    : Error from Logger() <log.logger.Logger object at 0x103988940>
2016-01-14 11:07:13,478 - log.logger - WARNING  : Warning from Logger() <log.logger.Logger object at 0x103988940>
2016-01-14 11:07:13,479 - log.logger - CRITICAL : Critical from Logger() <log.logger.Logger object at 0x103988940>
2016-01-14 11:07:13,480 - log.logger - DEBUG    : 		Debug from level 2
2016-01-14 11:07:37,356 - log.logger - INFO     : Hello from logger Nr. 1 with same instance as logger Nr. 2: <log.logger.Logger object at 0x103958940>
2016-01-14 11:07:37,358 - log.logger - INFO     : Hello from logger Nr. 2 with same instance as logger Nr. 1: <log.logger.Logger object at 0x103958940>
2016-01-14 11:07:37,358 - log.logger - INFO     : Hello from Logger() <log.logger.Logger object at 0x103958940>
2016-01-14 11:07:37,359 - log.logger - DEBUG    : Debug from Logger() <log.logger.Logger object at 0x103958940>
2016-01-14 11:07:37,360 - log.logger - ERROR    : Error from Logger() <log.logger.Logger object at 0x103958940>
2016-01-14 11:07:37,360 - log.logger - WARNING  : Warning from Logger() <log.logger.Logger object at 0x103958940>
2016-01-14 11:07:37,361 - log.logger - CRITICAL : Critical from Logger() <log.logger.Logger object at 0x103958940>
2016-01-14 11:07:37,362 - log.logger - DEBUG    : 		Debug from level 2
2016-01-14 11:07:47,464 - log.logger - INFO     : Hello from logger Nr. 1 with same instance as logger Nr. 2: <log.logger.Logger object at 0x103a24940>
2016-01-14 11:07:47,465 - log.logger - INFO     : Hello from logger Nr. 2 with same instance as logger Nr. 1: <log.logger.Logger object at 0x103a24940>
2016-01-14 11:07:47,466 - log.logger - INFO     : Hello from Logger() <log.logger.Logger object at 0x103a24940>
2016-01-14 11:07:47,467 - log.logger - DEBUG    : Debug from Logger() <log.logger.Logger object at 0x103a24940>
2016-01-14 11:07:47,467 - log.logger - ERROR    : Error from Logger() <log.logger.Logger object at 0x103a24940>
2016-01-14 11:07:47,468 - log.logger - WARNING  : Warning from Logger() <log.logger.Logger object at 0x103a24940>
2016-01-14 11:07:47,468 - log.logger - CRITICAL : Critical from Logger() <log.logger.Logger object at 0x103a24940>
2016-01-14 11:07:47,469 - log.logger - DEBUG    : 		Debug from level 2
2016-01-14 11:08:11,963 - log.logger - INFO     : Hello from logger Nr. 1 with same instance as logger Nr. 2: <log.logger.Logger object at 0x103a3c080>
2016-01-14 11:08:11,965 - log.logger - INFO     : Hello from logger Nr. 2 with same instance as logger Nr. 1: <log.logger.Logger object at 0x103a3c080>
2016-01-14 11:08:11,965 - log.logger - INFO     : Hello from Logger() <log.logger.Logger object at 0x103a3c080>
2016-01-14 11:08:11,966 - log.logger - DEBUG    : Debug from Logger() <log.logger.Logger object at 0x103a3c080>
2016-01-14 11:08:11,967 - log.logger - ERROR    : Error from Logger() <log.logger.Logger object at 0x103a3c080>
2016-01-14 11:08:11,967 - log.logger - WARNING  : Warning from Logger() <log.logger.Logger object at 0x103a3c080>
2016-01-14 11:08:11,968 - log.logger - CRITICAL : Critical from Logger() <log.logger.Logger object at 0x103a3c080>
2016-01-14 11:08:11,969 - log.logger - DEBUG    : 		Debug from level 2
